c:\users\bruhpc\desktop\co3303_debert_a_postprocessing\x64\debug\vc143.pdb
c:\users\bruhpc\desktop\co3303_debert_a_postprocessing\x64\debug\vc143.idb
c:\users\bruhpc\desktop\co3303_debert_a_postprocessing\x64\debug\timer.obj
c:\users\bruhpc\desktop\co3303_debert_a_postprocessing\x64\debug\graphicshelpers.obj
c:\users\bruhpc\desktop\co3303_debert_a_postprocessing\x64\debug\input.obj
c:\users\bruhpc\desktop\co3303_debert_a_postprocessing\x64\debug\state.obj
c:\users\bruhpc\desktop\co3303_debert_a_postprocessing\x64\debug\mesh.obj
c:\users\bruhpc\desktop\co3303_debert_a_postprocessing\x64\debug\shader.obj
c:\users\bruhpc\desktop\co3303_debert_a_postprocessing\x64\debug\scene.obj
c:\users\bruhpc\desktop\co3303_debert_a_postprocessing\x64\debug\model.obj
c:\users\bruhpc\desktop\co3303_debert_a_postprocessing\x64\debug\cvector4.obj
c:\users\bruhpc\desktop\co3303_debert_a_postprocessing\x64\debug\cvector3.obj
c:\users\bruhpc\desktop\co3303_debert_a_postprocessing\x64\debug\cvector2.obj
c:\users\bruhpc\desktop\co3303_debert_a_postprocessing\x64\debug\cmatrix4x4.obj
c:\users\bruhpc\desktop\co3303_debert_a_postprocessing\x64\debug\main.obj
c:\users\bruhpc\desktop\co3303_debert_a_postprocessing\x64\debug\direct3dsetup.obj
c:\users\bruhpc\desktop\co3303_debert_a_postprocessing\x64\debug\camera.obj
c:\users\bruhpc\desktop\co3303_debert_a_postprocessing\2dpolygon_pp.cso
c:\users\bruhpc\desktop\co3303_debert_a_postprocessing\burn_pp.cso
c:\users\bruhpc\desktop\co3303_debert_a_postprocessing\copy_pp.cso
c:\users\bruhpc\desktop\co3303_debert_a_postprocessing\distort_pp.cso
c:\users\bruhpc\desktop\co3303_debert_a_postprocessing\2dquad_pp.cso
c:\users\bruhpc\desktop\co3303_debert_a_postprocessing\greynoise_pp.cso
c:\users\bruhpc\desktop\co3303_debert_a_postprocessing\heathaze_pp.cso
c:\users\bruhpc\desktop\co3303_debert_a_postprocessing\spiral_pp.cso
c:\users\bruhpc\desktop\co3303_debert_a_postprocessing\tintedtexture_ps.cso
c:\users\bruhpc\desktop\co3303_debert_a_postprocessing\basictransform_vs.cso
c:\users\bruhpc\desktop\co3303_debert_a_postprocessing\pixellighting_ps.cso
c:\users\bruhpc\desktop\co3303_debert_a_postprocessing\pixellighting_vs.cso
c:\users\bruhpc\desktop\co3303_debert_a_postprocessing\tint_pp.cso
c:\users\bruhpc\desktop\co3303_debert_a_postprocessing\bloom_pp.cso
c:\users\bruhpc\desktop\co3303_debert_a_postprocessing\blur_pp.cso
c:\users\bruhpc\desktop\co3303_debert_a_postprocessing\underwater_pp.cso
c:\users\bruhpc\desktop\co3303_debert_a_postprocessing\gaussianblurvertical_pp.cso
c:\users\bruhpc\desktop\co3303_debert_a_postprocessing\gaussianblur_pp.cso
c:\users\bruhpc\desktop\co3303_debert_a_postprocessing\gradient_pp.cso
c:\users\bruhpc\desktop\co3303_debert_a_postprocessing\retro_pp.cso
c:\users\bruhpc\desktop\co3303_debert_a_postprocessing\postprocessingarea.exe
c:\users\bruhpc\desktop\co3303_debert_a_postprocessing\x64\debug\postprocessingarea.ilk
c:\users\bruhpc\desktop\co3303_debert_a_postprocessing\postprocessingarea.pdb
d:\assignments\3rd year uclan\maths n tech\co3303_debert_a_postprocessing\x64\debug\camera.obj
d:\assignments\3rd year uclan\maths n tech\co3303_debert_a_postprocessing\x64\debug\cmatrix4x4.obj
d:\assignments\3rd year uclan\maths n tech\co3303_debert_a_postprocessing\x64\debug\cvector2.obj
d:\assignments\3rd year uclan\maths n tech\co3303_debert_a_postprocessing\x64\debug\cvector3.obj
d:\assignments\3rd year uclan\maths n tech\co3303_debert_a_postprocessing\x64\debug\cvector4.obj
d:\assignments\3rd year uclan\maths n tech\co3303_debert_a_postprocessing\x64\debug\direct3dsetup.obj
d:\assignments\3rd year uclan\maths n tech\co3303_debert_a_postprocessing\x64\debug\graphicshelpers.obj
d:\assignments\3rd year uclan\maths n tech\co3303_debert_a_postprocessing\x64\debug\input.obj
d:\assignments\3rd year uclan\maths n tech\co3303_debert_a_postprocessing\x64\debug\main.obj
d:\assignments\3rd year uclan\maths n tech\co3303_debert_a_postprocessing\x64\debug\mesh.obj
d:\assignments\3rd year uclan\maths n tech\co3303_debert_a_postprocessing\x64\debug\model.obj
d:\assignments\3rd year uclan\maths n tech\co3303_debert_a_postprocessing\x64\debug\scene.obj
d:\assignments\3rd year uclan\maths n tech\co3303_debert_a_postprocessing\x64\debug\shader.obj
d:\assignments\3rd year uclan\maths n tech\co3303_debert_a_postprocessing\x64\debug\state.obj
d:\assignments\3rd year uclan\maths n tech\co3303_debert_a_postprocessing\x64\debug\timer.obj
d:\assignments\3rd year uclan\maths n tech\co3303_debert_a_postprocessing\x64\debug\postprocessingarea.ilk
d:\assignments\3rd year uclan\maths n tech\co3303_debert_a_postprocessing\x64\debug\vc143.idb
d:\assignments\3rd year uclan\maths n tech\co3303_debert_a_postprocessing\x64\debug\vc143.pdb
d:\assignments\3rd year uclan\maths n tech\co3303_debert_a_postprocessing\\postprocessingarea.pdb
d:\assignments\3rd year uclan\maths n tech\co3303_debert_a_postprocessing\postprocessingarea.exe
d:\assignments\3rd year uclan\maths n tech\co3303_debert_a_postprocessing\x64\debug\postproc.662ac157.tlog\cl.command.1.tlog
d:\assignments\3rd year uclan\maths n tech\co3303_debert_a_postprocessing\x64\debug\postproc.662ac157.tlog\cl.read.1.tlog
d:\assignments\3rd year uclan\maths n tech\co3303_debert_a_postprocessing\x64\debug\postproc.662ac157.tlog\cl.write.1.tlog
d:\assignments\3rd year uclan\maths n tech\co3303_debert_a_postprocessing\x64\debug\postproc.662ac157.tlog\fxc.command.1.tlog
d:\assignments\3rd year uclan\maths n tech\co3303_debert_a_postprocessing\x64\debug\postproc.662ac157.tlog\fxc.read.1.tlog
d:\assignments\3rd year uclan\maths n tech\co3303_debert_a_postprocessing\x64\debug\postproc.662ac157.tlog\fxc.write.1.tlog
d:\assignments\3rd year uclan\maths n tech\co3303_debert_a_postprocessing\x64\debug\postproc.662ac157.tlog\link.command.1.tlog
d:\assignments\3rd year uclan\maths n tech\co3303_debert_a_postprocessing\x64\debug\postproc.662ac157.tlog\link.read.1.tlog
d:\assignments\3rd year uclan\maths n tech\co3303_debert_a_postprocessing\x64\debug\postproc.662ac157.tlog\link.write.1.tlog
